# JRE version: OpenJDK Runtime Environment Temurin-21.0.6+7 (21.0.6+7) (build 21.0.6+7-LTS)
# Java VM: OpenJDK 64-Bit Server VM Temurin-21.0.6+7 (21.0.6+7-LTS, mixed mode, sharing, tiered, compressed oops, compressed class ptrs, g1 gc, windows-amd64)
GC Precious Log:
 CardTable entry size: 512
 Card Set container configuration: InlinePtr #cards 5 size 8 Array Of Cards #cards 12 size 40 Howl #buckets 4 coarsen threshold 1843 Howl Bitmap #cards 512 size 80 coarsen threshold 460 Card regions per heap region 1 cards per card region 2048
 CPUs: 8 total, 8 available
 Memory: 7937M
 Large Page Support: Disabled
 NUMA Support: Disabled
 Compressed Oops: Enabled (32-bit)
 Heap Region Size: 1M
 Heap Min Capacity: 8M
 Heap Initial Capacity: 126M
 Heap Max Capacity: 1986M
 Pre-touch: Disabled
 Parallel Workers: 8
 Concurrent Workers: 2
 Concurrent Refinement Workers: 8
 Periodic GC: Disabled
Heap:
 garbage-first heap   total 102400K, used 89941K [0x0000000083e00000, 0x0000000100000000)
  region size 1024K, 41 young (41984K), 2 survivors (2048K)
 Metaspace       used 94729K, committed 95616K, reserved 1179648K
  class space    used 12414K, committed 12800K, reserved 1048576K
GC Heap History (20 events):
Event: 7.171 GC heap before
{Heap before GC invocations=13 (full 0):
 garbage-first heap   total 70656K, used 49460K [0x0000000083e00000, 0x0000000100000000)
  region size 1024K, 23 young (23552K), 4 survivors (4096K)
 Metaspace       used 59567K, committed 60160K, reserved 1114112K
  class space    used 7937K, committed 8256K, reserved 1048576K
}
Event: 7.177 GC heap after
{Heap after GC invocations=14 (full 0):
 garbage-first heap   total 70656K, used 33258K [0x0000000083e00000, 0x0000000100000000)
  region size 1024K, 4 young (4096K), 4 survivors (4096K)
 Metaspace       used 59567K, committed 60160K, reserved 1114112K
  class space    used 7937K, committed 8256K, reserved 1048576K
}
Event: 7.856 GC heap before
{Heap before GC invocations=15 (full 0):
 garbage-first heap   total 70656K, used 60906K [0x0000000083e00000, 0x0000000100000000)
  region size 1024K, 31 young (31744K), 4 survivors (4096K)
 Metaspace       used 64699K, committed 65408K, reserved 1114112K
  class space    used 8677K, committed 9024K, reserved 1048576K
}
Event: 7.862 GC heap after
{Heap after GC invocations=16 (full 0):
 garbage-first heap   total 70656K, used 35490K [0x0000000083e00000, 0x0000000100000000)
  region size 1024K, 4 young (4096K), 4 survivors (4096K)
 Metaspace       used 64699K, committed 65408K, reserved 1114112K
  class space    used 8677K, committed 9024K, reserved 1048576K
}
Event: 8.289 GC heap before
{Heap before GC invocations=16 (full 0):
 garbage-first heap   total 70656K, used 61090K [0x0000000083e00000, 0x0000000100000000)
  region size 1024K, 29 young (29696K), 4 survivors (4096K)
 Metaspace       used 66650K, committed 67328K, reserved 1114112K
  class space    used 8942K, committed 9280K, reserved 1048576K
}
Event: 8.294 GC heap after
{Heap after GC invocations=17 (full 0):
 garbage-first heap   total 70656K, used 36667K [0x0000000083e00000, 0x0000000100000000)
  region size 1024K, 4 young (4096K), 4 survivors (4096K)
 Metaspace       used 66650K, committed 67328K, reserved 1114112K
  class space    used 8942K, committed 9280K, reserved 1048576K
}
Event: 8.679 GC heap before
{Heap before GC invocations=17 (full 0):
 garbage-first heap   total 70656K, used 62267K [0x0000000083e00000, 0x0000000100000000)
  region size 1024K, 29 young (29696K), 4 survivors (4096K)
 Metaspace       used 68496K, committed 69184K, reserved 1114112K
  class space    used 9196K, committed 9536K, reserved 1048576K
}
Event: 8.688 GC heap after
{Heap after GC invocations=18 (full 0):
 garbage-first heap   total 84992K, used 38817K [0x0000000083e00000, 0x0000000100000000)
  region size 1024K, 4 young (4096K), 4 survivors (4096K)
 Metaspace       used 68496K, committed 69184K, reserved 1114112K
  class space    used 9196K, committed 9536K, reserved 1048576K
}
Event: 9.407 GC heap before
{Heap before GC invocations=19 (full 0):
 garbage-first heap   total 84992K, used 75681K [0x0000000083e00000, 0x0000000100000000)
  region size 1024K, 40 young (40960K), 4 survivors (4096K)
 Metaspace       used 70468K, committed 71296K, reserved 1114112K
  class space    used 9472K, committed 9856K, reserved 1048576K
}
Event: 9.414 GC heap after
{Heap after GC invocations=20 (full 0):
 garbage-first heap   total 84992K, used 41566K [0x0000000083e00000, 0x0000000100000000)
  region size 1024K, 5 young (5120K), 5 survivors (5120K)
 Metaspace       used 70468K, committed 71296K, reserved 1114112K
  class space    used 9472K, committed 9856K, reserved 1048576K
}
Event: 9.896 GC heap before
{Heap before GC invocations=20 (full 0):
 garbage-first heap   total 84992K, used 74334K [0x0000000083e00000, 0x0000000100000000)
  region size 1024K, 37 young (37888K), 5 survivors (5120K)
 Metaspace       used 72041K, committed 72832K, reserved 1114112K
  class space    used 9730K, committed 10112K, reserved 1048576K
}
Event: 9.902 GC heap after
{Heap after GC invocations=21 (full 0):
 garbage-first heap   total 84992K, used 42988K [0x0000000083e00000, 0x0000000100000000)
  region size 1024K, 3 young (3072K), 3 survivors (3072K)
 Metaspace       used 72041K, committed 72832K, reserved 1114112K
  class space    used 9730K, committed 10112K, reserved 1048576K
}
Event: 10.421 GC heap before
{Heap before GC invocations=21 (full 0):
 garbage-first heap   total 84992K, used 75756K [0x0000000083e00000, 0x0000000100000000)
  region size 1024K, 35 young (35840K), 3 survivors (3072K)
 Metaspace       used 74689K, committed 75584K, reserved 1114112K
  class space    used 10185K, committed 10560K, reserved 1048576K
}
Event: 10.425 GC heap after
{Heap after GC invocations=22 (full 0):
 garbage-first heap   total 84992K, used 45174K [0x0000000083e00000, 0x0000000100000000)
  region size 1024K, 5 young (5120K), 5 survivors (5120K)
 Metaspace       used 74689K, committed 75584K, reserved 1114112K
  class space    used 10185K, committed 10560K, reserved 1048576K
}
Event: 11.005 GC heap before
{Heap before GC invocations=23 (full 0):
 garbage-first heap   total 84992K, used 72822K [0x0000000083e00000, 0x0000000100000000)
  region size 1024K, 33 young (33792K), 5 survivors (5120K)
 Metaspace       used 81207K, committed 82048K, reserved 1179648K
  class space    used 10990K, committed 11392K, reserved 1048576K
}
Event: 11.011 GC heap after
{Heap after GC invocations=24 (full 0):
 garbage-first heap   total 84992K, used 48533K [0x0000000083e00000, 0x0000000100000000)
  region size 1024K, 5 young (5120K), 5 survivors (5120K)
 Metaspace       used 81207K, committed 82048K, reserved 1179648K
  class space    used 10990K, committed 11392K, reserved 1048576K
}
Event: 11.626 GC heap before
{Heap before GC invocations=24 (full 0):
 garbage-first heap   total 84992K, used 74133K [0x0000000083e00000, 0x0000000100000000)
  region size 1024K, 30 young (30720K), 5 survivors (5120K)
 Metaspace       used 86655K, committed 87552K, reserved 1179648K
  class space    used 11507K, committed 11904K, reserved 1048576K
}
Event: 11.636 GC heap after
{Heap after GC invocations=25 (full 0):
 garbage-first heap   total 84992K, used 50630K [0x0000000083e00000, 0x0000000100000000)
  region size 1024K, 3 young (3072K), 3 survivors (3072K)
 Metaspace       used 86655K, committed 87552K, reserved 1179648K
  class space    used 11507K, committed 11904K, reserved 1048576K
}
Event: 53.248 GC heap before
{Heap before GC invocations=25 (full 0):
 garbage-first heap   total 84992K, used 75206K [0x0000000083e00000, 0x0000000100000000)
  region size 1024K, 28 young (28672K), 3 survivors (3072K)
 Metaspace       used 91890K, committed 92800K, reserved 1179648K
  class space    used 12086K, committed 12480K, reserved 1048576K
}
Event: 53.258 GC heap after
{Heap after GC invocations=26 (full 0):
 garbage-first heap   total 102400K, used 52053K [0x0000000083e00000, 0x0000000100000000)
  region size 1024K, 2 young (2048K), 2 survivors (2048K)
 Metaspace       used 91890K, committed 92800K, reserved 1179648K
  class space    used 12086K, committed 12480K, reserved 1048576K
}

