# JRE version: OpenJDK Runtime Environment Temurin-21.0.6+7 (21.0.6+7) (build 21.0.6+7-LTS)
# Java VM: OpenJDK 64-Bit Server VM Temurin-21.0.6+7 (21.0.6+7-LTS, mixed mode, sharing, tiered, compressed oops, compressed class ptrs, g1 gc, windows-amd64)
GC Precious Log:
 CardTable entry size: 512
 Card Set container configuration: InlinePtr #cards 5 size 8 Array Of Cards #cards 12 size 40 Howl #buckets 4 coarsen threshold 1843 Howl Bitmap #cards 512 size 80 coarsen threshold 460 Card regions per heap region 1 cards per card region 2048
 CPUs: 8 total, 8 available
 Memory: 7937M
 Large Page Support: Disabled
 NUMA Support: Disabled
 Compressed Oops: Enabled (32-bit)
 Heap Region Size: 1M
 Heap Min Capacity: 8M
 Heap Initial Capacity: 126M
 Heap Max Capacity: 1986M
 Pre-touch: Disabled
 Parallel Workers: 8
 Concurrent Workers: 2
 Concurrent Refinement Workers: 8
 Periodic GC: Disabled
Heap:
 garbage-first heap   total 73728K, used 47117K [0x0000000083e00000, 0x0000000100000000)
  region size 1024K, 17 young (17408K), 3 survivors (3072K)
 Metaspace       used 59523K, committed 60416K, reserved 1114112K
  class space    used 7791K, committed 8192K, reserved 1048576K
GC Heap History (20 events):
Event: 3.122 GC heap before
{Heap before GC invocations=2 (full 0):
 garbage-first heap   total 129024K, used 72596K [0x0000000083e00000, 0x0000000100000000)
  region size 1024K, 66 young (67584K), 3 survivors (3072K)
 Metaspace       used 21206K, committed 21504K, reserved 1114112K
  class space    used 2613K, committed 2752K, reserved 1048576K
}
Event: 3.130 GC heap after
{Heap after GC invocations=3 (full 0):
 garbage-first heap   total 129024K, used 14735K [0x0000000083e00000, 0x0000000100000000)
  region size 1024K, 7 young (7168K), 7 survivors (7168K)
 Metaspace       used 21206K, committed 21504K, reserved 1114112K
  class space    used 2613K, committed 2752K, reserved 1048576K
}
Event: 4.216 GC heap before
{Heap before GC invocations=4 (full 0):
 garbage-first heap   total 51200K, used 50575K [0x0000000083e00000, 0x0000000100000000)
  region size 1024K, 42 young (43008K), 7 survivors (7168K)
 Metaspace       used 26026K, committed 26496K, reserved 1114112K
  class space    used 3255K, committed 3456K, reserved 1048576K
}
Event: 4.233 GC heap after
{Heap after GC invocations=5 (full 0):
 garbage-first heap   total 61440K, used 17056K [0x0000000083e00000, 0x0000000100000000)
  region size 1024K, 7 young (7168K), 7 survivors (7168K)
 Metaspace       used 26026K, committed 26496K, reserved 1114112K
  class space    used 3255K, committed 3456K, reserved 1048576K
}
Event: 5.404 GC heap before
{Heap before GC invocations=5 (full 0):
 garbage-first heap   total 61440K, used 46752K [0x0000000083e00000, 0x0000000100000000)
  region size 1024K, 36 young (36864K), 7 survivors (7168K)
 Metaspace       used 31829K, committed 32320K, reserved 1114112K
  class space    used 4082K, committed 4288K, reserved 1048576K
}
Event: 5.417 GC heap after
{Heap after GC invocations=6 (full 0):
 garbage-first heap   total 61440K, used 20306K [0x0000000083e00000, 0x0000000100000000)
  region size 1024K, 4 young (4096K), 4 survivors (4096K)
 Metaspace       used 31829K, committed 32320K, reserved 1114112K
  class space    used 4082K, committed 4288K, reserved 1048576K
}
Event: 5.983 GC heap before
{Heap before GC invocations=6 (full 0):
 garbage-first heap   total 61440K, used 46930K [0x0000000083e00000, 0x0000000100000000)
  region size 1024K, 31 young (31744K), 4 survivors (4096K)
 Metaspace       used 35467K, committed 35968K, reserved 1114112K
  class space    used 4531K, committed 4736K, reserved 1048576K
}
Event: 5.990 GC heap after
{Heap after GC invocations=7 (full 0):
 garbage-first heap   total 61440K, used 21782K [0x0000000083e00000, 0x0000000100000000)
  region size 1024K, 2 young (2048K), 2 survivors (2048K)
 Metaspace       used 35467K, committed 35968K, reserved 1114112K
  class space    used 4531K, committed 4736K, reserved 1048576K
}
Event: 6.882 GC heap before
{Heap before GC invocations=8 (full 0):
 garbage-first heap   total 61440K, used 50454K [0x0000000083e00000, 0x0000000100000000)
  region size 1024K, 30 young (30720K), 2 survivors (2048K)
 Metaspace       used 38619K, committed 39232K, reserved 1114112K
  class space    used 5040K, committed 5312K, reserved 1048576K
}
Event: 6.889 GC heap after
{Heap after GC invocations=9 (full 0):
 garbage-first heap   total 61440K, used 24064K [0x0000000083e00000, 0x0000000100000000)
  region size 1024K, 4 young (4096K), 4 survivors (4096K)
 Metaspace       used 38619K, committed 39232K, reserved 1114112K
  class space    used 5040K, committed 5312K, reserved 1048576K
}
Event: 8.058 GC heap before
{Heap before GC invocations=9 (full 0):
 garbage-first heap   total 61440K, used 50688K [0x0000000083e00000, 0x0000000100000000)
  region size 1024K, 31 young (31744K), 4 survivors (4096K)
 Metaspace       used 43800K, committed 44608K, reserved 1114112K
  class space    used 5782K, committed 6144K, reserved 1048576K
}
Event: 8.074 GC heap after
{Heap after GC invocations=10 (full 0):
 garbage-first heap   total 61440K, used 26515K [0x0000000083e00000, 0x0000000100000000)
  region size 1024K, 3 young (3072K), 3 survivors (3072K)
 Metaspace       used 43800K, committed 44608K, reserved 1114112K
  class space    used 5782K, committed 6144K, reserved 1048576K
}
Event: 8.639 GC heap before
{Heap before GC invocations=10 (full 0):
 garbage-first heap   total 61440K, used 52115K [0x0000000083e00000, 0x0000000100000000)
  region size 1024K, 29 young (29696K), 3 survivors (3072K)
 Metaspace       used 49501K, committed 50240K, reserved 1114112K
  class space    used 6492K, committed 6784K, reserved 1048576K
}
Event: 8.648 GC heap after
{Heap after GC invocations=11 (full 0):
 garbage-first heap   total 73728K, used 30167K [0x0000000083e00000, 0x0000000100000000)
  region size 1024K, 4 young (4096K), 4 survivors (4096K)
 Metaspace       used 49501K, committed 50240K, reserved 1114112K
  class space    used 6492K, committed 6784K, reserved 1048576K
}
Event: 144.537 GC heap before
{Heap before GC invocations=11 (full 0):
 garbage-first heap   total 73728K, used 60887K [0x0000000083e00000, 0x0000000100000000)
  region size 1024K, 35 young (35840K), 4 survivors (4096K)
 Metaspace       used 54908K, committed 55808K, reserved 1114112K
  class space    used 7174K, committed 7616K, reserved 1048576K
}
Event: 144.655 GC heap after
{Heap after GC invocations=12 (full 0):
 garbage-first heap   total 73728K, used 32571K [0x0000000083e00000, 0x0000000100000000)
  region size 1024K, 3 young (3072K), 3 survivors (3072K)
 Metaspace       used 54908K, committed 55808K, reserved 1114112K
  class space    used 7174K, committed 7616K, reserved 1048576K
}
Event: 306.674 GC heap before
{Heap before GC invocations=12 (full 0):
 garbage-first heap   total 73728K, used 63291K [0x0000000083e00000, 0x0000000100000000)
  region size 1024K, 33 young (33792K), 3 survivors (3072K)
 Metaspace       used 58866K, committed 59776K, reserved 1114112K
  class space    used 7711K, committed 8128K, reserved 1048576K
}
Event: 306.838 GC heap after
{Heap after GC invocations=13 (full 0):
 garbage-first heap   total 73728K, used 34357K [0x0000000083e00000, 0x0000000100000000)
  region size 1024K, 4 young (4096K), 4 survivors (4096K)
 Metaspace       used 58866K, committed 59776K, reserved 1114112K
  class space    used 7711K, committed 8128K, reserved 1048576K
}
Event: 385.594 GC heap before
{Heap before GC invocations=13 (full 0):
 garbage-first heap   total 73728K, used 44597K [0x0000000083e00000, 0x0000000100000000)
  region size 1024K, 15 young (15360K), 4 survivors (4096K)
 Metaspace       used 59248K, committed 60096K, reserved 1114112K
  class space    used 7763K, committed 8192K, reserved 1048576K
}
Event: 385.680 GC heap after
{Heap after GC invocations=14 (full 0):
 garbage-first heap   total 73728K, used 34829K [0x0000000083e00000, 0x0000000100000000)
  region size 1024K, 3 young (3072K), 3 survivors (3072K)
 Metaspace       used 59248K, committed 60096K, reserved 1114112K
  class space    used 7763K, committed 8192K, reserved 1048576K
}

