# JRE version: OpenJDK Runtime Environment Temurin-21.0.6+7 (21.0.6+7) (build 21.0.6+7-LTS)
# Java VM: OpenJDK 64-Bit Server VM Temurin-21.0.6+7 (21.0.6+7-LTS, mixed mode, sharing, tiered, compressed oops, compressed class ptrs, g1 gc, windows-amd64)
GC Precious Log:
 CardTable entry size: 512
 Card Set container configuration: InlinePtr #cards 5 size 8 Array Of Cards #cards 12 size 40 Howl #buckets 4 coarsen threshold 1843 Howl Bitmap #cards 512 size 80 coarsen threshold 460 Card regions per heap region 1 cards per card region 2048
 CPUs: 8 total, 8 available
 Memory: 7937M
 Large Page Support: Disabled
 NUMA Support: Disabled
 Compressed Oops: Enabled (32-bit)
 Heap Region Size: 1M
 Heap Min Capacity: 8M
 Heap Initial Capacity: 126M
 Heap Max Capacity: 1986M
 Pre-touch: Disabled
 Parallel Workers: 8
 Concurrent Workers: 2
 Concurrent Refinement Workers: 8
 Periodic GC: Disabled
Heap:
 garbage-first heap   total 95232K, used 62825K [0x0000000083e00000, 0x0000000100000000)
  region size 1024K, 15 young (15360K), 5 survivors (5120K)
 Metaspace       used 89996K, committed 91008K, reserved 1179648K
  class space    used 12079K, committed 12544K, reserved 1048576K
GC Heap History (20 events):
Event: 7.836 GC heap before
{Heap before GC invocations=11 (full 0):
 garbage-first heap   total 78848K, used 66293K [0x0000000083e00000, 0x0000000100000000)
  region size 1024K, 40 young (40960K), 6 survivors (6144K)
 Metaspace       used 57081K, committed 57728K, reserved 1114112K
  class space    used 7403K, committed 7680K, reserved 1048576K
}
Event: 7.841 GC heap after
{Heap after GC invocations=12 (full 0):
 garbage-first heap   total 78848K, used 33574K [0x0000000083e00000, 0x0000000100000000)
  region size 1024K, 5 young (5120K), 5 survivors (5120K)
 Metaspace       used 57081K, committed 57728K, reserved 1114112K
  class space    used 7403K, committed 7680K, reserved 1048576K
}
Event: 8.081 GC heap before
{Heap before GC invocations=12 (full 0):
 garbage-first heap   total 78848K, used 39718K [0x0000000083e00000, 0x0000000100000000)
  region size 1024K, 12 young (12288K), 5 survivors (5120K)
 Metaspace       used 59668K, committed 60288K, reserved 1114112K
  class space    used 7822K, committed 8128K, reserved 1048576K
}
Event: 8.086 GC heap after
{Heap after GC invocations=13 (full 0):
 garbage-first heap   total 78848K, used 34113K [0x0000000083e00000, 0x0000000100000000)
  region size 1024K, 3 young (3072K), 3 survivors (3072K)
 Metaspace       used 59668K, committed 60288K, reserved 1114112K
  class space    used 7822K, committed 8128K, reserved 1048576K
}
Event: 9.033 GC heap before
{Heap before GC invocations=14 (full 0):
 garbage-first heap   total 78848K, used 69953K [0x0000000083e00000, 0x0000000100000000)
  region size 1024K, 38 young (38912K), 3 survivors (3072K)
 Metaspace       used 66522K, committed 67200K, reserved 1114112K
  class space    used 8898K, committed 9216K, reserved 1048576K
}
Event: 9.037 GC heap after
{Heap after GC invocations=15 (full 0):
 garbage-first heap   total 78848K, used 36469K [0x0000000083e00000, 0x0000000100000000)
  region size 1024K, 5 young (5120K), 5 survivors (5120K)
 Metaspace       used 66522K, committed 67200K, reserved 1114112K
  class space    used 8898K, committed 9216K, reserved 1048576K
}
Event: 9.874 GC heap before
{Heap before GC invocations=15 (full 0):
 garbage-first heap   total 78848K, used 68213K [0x0000000083e00000, 0x0000000100000000)
  region size 1024K, 36 young (36864K), 5 survivors (5120K)
 Metaspace       used 72121K, committed 72768K, reserved 1114112K
  class space    used 9675K, committed 9984K, reserved 1048576K
}
Event: 9.881 GC heap after
{Heap after GC invocations=16 (full 0):
 garbage-first heap   total 78848K, used 38369K [0x0000000083e00000, 0x0000000100000000)
  region size 1024K, 5 young (5120K), 5 survivors (5120K)
 Metaspace       used 72121K, committed 72768K, reserved 1114112K
  class space    used 9675K, committed 9984K, reserved 1048576K
}
Event: 10.468 GC heap before
{Heap before GC invocations=16 (full 0):
 garbage-first heap   total 78848K, used 68065K [0x0000000083e00000, 0x0000000100000000)
  region size 1024K, 34 young (34816K), 5 survivors (5120K)
 Metaspace       used 74075K, committed 74752K, reserved 1114112K
  class space    used 9946K, committed 10240K, reserved 1048576K
}
Event: 10.474 GC heap after
{Heap after GC invocations=17 (full 0):
 garbage-first heap   total 78848K, used 41029K [0x0000000083e00000, 0x0000000100000000)
  region size 1024K, 5 young (5120K), 5 survivors (5120K)
 Metaspace       used 74075K, committed 74752K, reserved 1114112K
  class space    used 9946K, committed 10240K, reserved 1048576K
}
Event: 10.997 GC heap before
{Heap before GC invocations=17 (full 0):
 garbage-first heap   total 78848K, used 67653K [0x0000000083e00000, 0x0000000100000000)
  region size 1024K, 31 young (31744K), 5 survivors (5120K)
 Metaspace       used 75927K, committed 76672K, reserved 1179648K
  class space    used 10188K, committed 10496K, reserved 1048576K
}
Event: 11.003 GC heap after
{Heap after GC invocations=18 (full 0):
 garbage-first heap   total 78848K, used 43264K [0x0000000083e00000, 0x0000000100000000)
  region size 1024K, 3 young (3072K), 3 survivors (3072K)
 Metaspace       used 75927K, committed 76672K, reserved 1179648K
  class space    used 10188K, committed 10496K, reserved 1048576K
}
Event: 11.505 GC heap before
{Heap before GC invocations=19 (full 0):
 garbage-first heap   total 78848K, used 69888K [0x0000000083e00000, 0x0000000100000000)
  region size 1024K, 29 young (29696K), 3 survivors (3072K)
 Metaspace       used 76892K, committed 77632K, reserved 1179648K
  class space    used 10346K, committed 10688K, reserved 1048576K
}
Event: 11.510 GC heap after
{Heap after GC invocations=20 (full 0):
 garbage-first heap   total 78848K, used 45391K [0x0000000083e00000, 0x0000000100000000)
  region size 1024K, 3 young (3072K), 3 survivors (3072K)
 Metaspace       used 76892K, committed 77632K, reserved 1179648K
  class space    used 10346K, committed 10688K, reserved 1048576K
}
Event: 11.869 GC heap before
{Heap before GC invocations=20 (full 0):
 garbage-first heap   total 78848K, used 69967K [0x0000000083e00000, 0x0000000100000000)
  region size 1024K, 27 young (27648K), 3 survivors (3072K)
 Metaspace       used 77936K, committed 78720K, reserved 1179648K
  class space    used 10487K, committed 10880K, reserved 1048576K
}
Event: 11.875 GC heap after
{Heap after GC invocations=21 (full 0):
 garbage-first heap   total 95232K, used 46234K [0x0000000083e00000, 0x0000000100000000)
  region size 1024K, 2 young (2048K), 2 survivors (2048K)
 Metaspace       used 77936K, committed 78720K, reserved 1179648K
  class space    used 10487K, committed 10880K, reserved 1048576K
}
Event: 12.581 GC heap before
{Heap before GC invocations=21 (full 0):
 garbage-first heap   total 95232K, used 86170K [0x0000000083e00000, 0x0000000100000000)
  region size 1024K, 41 young (41984K), 2 survivors (2048K)
 Metaspace       used 80513K, committed 81344K, reserved 1179648K
  class space    used 10911K, committed 11264K, reserved 1048576K
}
Event: 12.587 GC heap after
{Heap after GC invocations=22 (full 0):
 garbage-first heap   total 95232K, used 49259K [0x0000000083e00000, 0x0000000100000000)
  region size 1024K, 5 young (5120K), 5 survivors (5120K)
 Metaspace       used 80513K, committed 81344K, reserved 1179648K
  class space    used 10911K, committed 11264K, reserved 1048576K
}
Event: 13.333 GC heap before
{Heap before GC invocations=22 (full 0):
 garbage-first heap   total 95232K, used 82027K [0x0000000083e00000, 0x0000000100000000)
  region size 1024K, 38 young (38912K), 5 survivors (5120K)
 Metaspace       used 87938K, committed 88832K, reserved 1179648K
  class space    used 11826K, committed 12224K, reserved 1048576K
}
Event: 13.341 GC heap after
{Heap after GC invocations=23 (full 0):
 garbage-first heap   total 95232K, used 53609K [0x0000000083e00000, 0x0000000100000000)
  region size 1024K, 5 young (5120K), 5 survivors (5120K)
 Metaspace       used 87938K, committed 88832K, reserved 1179648K
  class space    used 11826K, committed 12224K, reserved 1048576K
}

