# JRE version: OpenJDK Runtime Environment Temurin-21.0.6+7 (21.0.6+7) (build 21.0.6+7-LTS)
# Java VM: OpenJDK 64-Bit Server VM Temurin-21.0.6+7 (21.0.6+7-LTS, mixed mode, sharing, tiered, compressed oops, compressed class ptrs, g1 gc, windows-amd64)
GC Precious Log:
 CardTable entry size: 512
 Card Set container configuration: InlinePtr #cards 5 size 8 Array Of Cards #cards 12 size 40 Howl #buckets 4 coarsen threshold 1843 Howl Bitmap #cards 512 size 80 coarsen threshold 460 Card regions per heap region 1 cards per card region 2048
 CPUs: 8 total, 8 available
 Memory: 7937M
 Large Page Support: Disabled
 NUMA Support: Disabled
 Compressed Oops: Enabled (32-bit)
 Heap Region Size: 1M
 Heap Min Capacity: 8M
 Heap Initial Capacity: 126M
 Heap Max Capacity: 1986M
 Pre-touch: Disabled
 Parallel Workers: 8
 Concurrent Workers: 2
 Concurrent Refinement Workers: 8
 Periodic GC: Disabled
Heap:
 garbage-first heap   total 84992K, used 63288K [0x0000000083e00000, 0x0000000100000000)
  region size 1024K, 21 young (21504K), 5 survivors (5120K)
 Metaspace       used 87302K, committed 88256K, reserved 1179648K
  class space    used 11681K, committed 12160K, reserved 1048576K
GC Heap History (20 events):
Event: 7.876 GC heap before
{Heap before GC invocations=15 (full 0):
 garbage-first heap   total 58368K, used 49555K [0x0000000083e00000, 0x0000000100000000)
  region size 1024K, 22 young (22528K), 3 survivors (3072K)
 Metaspace       used 58462K, committed 59072K, reserved 1114112K
  class space    used 7732K, committed 8000K, reserved 1048576K
}
Event: 7.881 GC heap after
{Heap after GC invocations=16 (full 0):
 garbage-first heap   total 58368K, used 32123K [0x0000000083e00000, 0x0000000100000000)
  region size 1024K, 3 young (3072K), 3 survivors (3072K)
 Metaspace       used 58462K, committed 59072K, reserved 1114112K
  class space    used 7732K, committed 8000K, reserved 1048576K
}
Event: 8.183 GC heap before
{Heap before GC invocations=16 (full 0):
 garbage-first heap   total 58368K, used 49531K [0x0000000083e00000, 0x0000000100000000)
  region size 1024K, 20 young (20480K), 3 survivors (3072K)
 Metaspace       used 62849K, committed 63488K, reserved 1114112K
  class space    used 8492K, committed 8768K, reserved 1048576K
}
Event: 8.187 GC heap after
{Heap after GC invocations=17 (full 0):
 garbage-first heap   total 70656K, used 32509K [0x0000000083e00000, 0x0000000100000000)
  region size 1024K, 2 young (2048K), 2 survivors (2048K)
 Metaspace       used 62849K, committed 63488K, reserved 1114112K
  class space    used 8492K, committed 8768K, reserved 1048576K
}
Event: 9.929 GC heap before
{Heap before GC invocations=17 (full 0):
 garbage-first heap   total 70656K, used 63229K [0x0000000083e00000, 0x0000000100000000)
  region size 1024K, 32 young (32768K), 2 survivors (2048K)
 Metaspace       used 67494K, committed 68096K, reserved 1114112K
  class space    used 9081K, committed 9344K, reserved 1048576K
}
Event: 9.939 GC heap after
{Heap after GC invocations=18 (full 0):
 garbage-first heap   total 70656K, used 34816K [0x0000000083e00000, 0x0000000100000000)
  region size 1024K, 4 young (4096K), 4 survivors (4096K)
 Metaspace       used 67494K, committed 68096K, reserved 1114112K
  class space    used 9081K, committed 9344K, reserved 1048576K
}
Event: 10.702 GC heap before
{Heap before GC invocations=18 (full 0):
 garbage-first heap   total 70656K, used 62464K [0x0000000083e00000, 0x0000000100000000)
  region size 1024K, 31 young (31744K), 4 survivors (4096K)
 Metaspace       used 68526K, committed 69184K, reserved 1114112K
  class space    used 9210K, committed 9472K, reserved 1048576K
}
Event: 10.711 GC heap after
{Heap after GC invocations=19 (full 0):
 garbage-first heap   total 70656K, used 36804K [0x0000000083e00000, 0x0000000100000000)
  region size 1024K, 2 young (2048K), 2 survivors (2048K)
 Metaspace       used 68526K, committed 69184K, reserved 1114112K
  class space    used 9210K, committed 9472K, reserved 1048576K
}
Event: 12.271 GC heap before
{Heap before GC invocations=19 (full 0):
 garbage-first heap   total 70656K, used 64452K [0x0000000083e00000, 0x0000000100000000)
  region size 1024K, 29 young (29696K), 2 survivors (2048K)
 Metaspace       used 70715K, committed 71424K, reserved 1114112K
  class space    used 9496K, committed 9792K, reserved 1048576K
}
Event: 12.278 GC heap after
{Heap after GC invocations=20 (full 0):
 garbage-first heap   total 70656K, used 38983K [0x0000000083e00000, 0x0000000100000000)
  region size 1024K, 4 young (4096K), 4 survivors (4096K)
 Metaspace       used 70715K, committed 71424K, reserved 1114112K
  class space    used 9496K, committed 9792K, reserved 1048576K
}
Event: 13.030 GC heap before
{Heap before GC invocations=21 (full 0):
 garbage-first heap   total 70656K, used 60487K [0x0000000083e00000, 0x0000000100000000)
  region size 1024K, 26 young (26624K), 4 survivors (4096K)
 Metaspace       used 71801K, committed 72512K, reserved 1114112K
  class space    used 9678K, committed 9984K, reserved 1048576K
}
Event: 13.038 GC heap after
{Heap after GC invocations=22 (full 0):
 garbage-first heap   total 70656K, used 40640K [0x0000000083e00000, 0x0000000100000000)
  region size 1024K, 2 young (2048K), 2 survivors (2048K)
 Metaspace       used 71801K, committed 72512K, reserved 1114112K
  class space    used 9678K, committed 9984K, reserved 1048576K
}
Event: 13.685 GC heap before
{Heap before GC invocations=22 (full 0):
 garbage-first heap   total 70656K, used 64192K [0x0000000083e00000, 0x0000000100000000)
  region size 1024K, 25 young (25600K), 2 survivors (2048K)
 Metaspace       used 72546K, committed 73344K, reserved 1114112K
  class space    used 9804K, committed 10176K, reserved 1048576K
}
Event: 13.695 GC heap after
{Heap after GC invocations=23 (full 0):
 garbage-first heap   total 70656K, used 41873K [0x0000000083e00000, 0x0000000100000000)
  region size 1024K, 4 young (4096K), 4 survivors (4096K)
 Metaspace       used 72546K, committed 73344K, reserved 1114112K
  class space    used 9804K, committed 10176K, reserved 1048576K
}
Event: 14.319 GC heap before
{Heap before GC invocations=23 (full 0):
 garbage-first heap   total 70656K, used 61329K [0x0000000083e00000, 0x0000000100000000)
  region size 1024K, 23 young (23552K), 4 survivors (4096K)
 Metaspace       used 73628K, committed 74432K, reserved 1114112K
  class space    used 9970K, committed 10368K, reserved 1048576K
}
Event: 14.329 GC heap after
{Heap after GC invocations=24 (full 0):
 garbage-first heap   total 84992K, used 43299K [0x0000000083e00000, 0x0000000100000000)
  region size 1024K, 2 young (2048K), 2 survivors (2048K)
 Metaspace       used 73628K, committed 74432K, reserved 1114112K
  class space    used 9970K, committed 10368K, reserved 1048576K
}
Event: 15.646 GC heap before
{Heap before GC invocations=25 (full 0):
 garbage-first heap   total 84992K, used 76067K [0x0000000083e00000, 0x0000000100000000)
  region size 1024K, 35 young (35840K), 2 survivors (2048K)
 Metaspace       used 77654K, committed 78528K, reserved 1179648K
  class space    used 10565K, committed 10944K, reserved 1048576K
}
Event: 15.654 GC heap after
{Heap after GC invocations=26 (full 0):
 garbage-first heap   total 84992K, used 45731K [0x0000000083e00000, 0x0000000100000000)
  region size 1024K, 4 young (4096K), 4 survivors (4096K)
 Metaspace       used 77654K, committed 78528K, reserved 1179648K
  class space    used 10565K, committed 10944K, reserved 1048576K
}
Event: 17.002 GC heap before
{Heap before GC invocations=26 (full 0):
 garbage-first heap   total 84992K, used 74403K [0x0000000083e00000, 0x0000000100000000)
  region size 1024K, 33 young (33792K), 4 survivors (4096K)
 Metaspace       used 83470K, committed 84416K, reserved 1179648K
  class space    used 11304K, committed 11712K, reserved 1048576K
}
Event: 17.016 GC heap after
{Heap after GC invocations=27 (full 0):
 garbage-first heap   total 84992K, used 48952K [0x0000000083e00000, 0x0000000100000000)
  region size 1024K, 5 young (5120K), 5 survivors (5120K)
 Metaspace       used 83470K, committed 84416K, reserved 1179648K
  class space    used 11304K, committed 11712K, reserved 1048576K
}

